Traceback (most recent call last):
  File "/opt/hostedtoolcache/Python/3.11.14/x64/lib/python3.11/site-packages/jupyter_cache/executors/utils.py", line 58, in single_nb_execution
    executenb(
  File "/opt/hostedtoolcache/Python/3.11.14/x64/lib/python3.11/site-packages/nbclient/client.py", line 1323, in execute
    return NotebookClient(nb=nb, resources=resources, km=km, **kwargs).execute()
           ^^^^^^^^^^^^^^^^^^^^^^^^^^^^^^^^^^^^^^^^^^^^^^^^^^^^^^^^^^^^^^^^^^^^^
  File "/opt/hostedtoolcache/Python/3.11.14/x64/lib/python3.11/site-packages/jupyter_core/utils/__init__.py", line 165, in wrapped
    return loop.run_until_complete(inner)
           ^^^^^^^^^^^^^^^^^^^^^^^^^^^^^^
  File "/opt/hostedtoolcache/Python/3.11.14/x64/lib/python3.11/asyncio/base_events.py", line 654, in run_until_complete
    return future.result()
           ^^^^^^^^^^^^^^^
  File "/opt/hostedtoolcache/Python/3.11.14/x64/lib/python3.11/site-packages/nbclient/client.py", line 709, in async_execute
    await self.async_execute_cell(
  File "/opt/hostedtoolcache/Python/3.11.14/x64/lib/python3.11/site-packages/nbclient/client.py", line 1062, in async_execute_cell
    await self._check_raise_for_error(cell, cell_index, exec_reply)
  File "/opt/hostedtoolcache/Python/3.11.14/x64/lib/python3.11/site-packages/nbclient/client.py", line 918, in _check_raise_for_error
    raise CellExecutionError.from_cell_and_msg(cell, exec_reply_content)
nbclient.exceptions.CellExecutionError: An error occurred while executing the following cell:
------------------

import logging
import os

from routee.transit import GTFSEnergyPredictor, repo_root

# Set up logging: Clear any existing handlers
logging.getLogger().handlers.clear()

# Configure basic logging
logging.basicConfig(
    level=logging.INFO, format="%(asctime)s [%(levelname)s] %(name)s - %(message)s"
)

# Suppress GDAL/PROJ warnings, which flood the output when we run gradeit
os.environ["PROJ_DEBUG"] = "0"

# Specify input data location
input_directory = repo_root() / "sample-inputs/saltlake/gtfs"
output_directory = repo_root() / "reports/saltlake"


------------------


[31m---------------------------------------------------------------------------[39m
[31mModuleNotFoundError[39m                       Traceback (most recent call last)
[36mCell[39m[36m [39m[32mIn[1][39m[32m, line 4[39m
[32m      1[39m [38;5;28;01mimport[39;00m[38;5;250m [39m[34;01mlogging[39;00m
[32m      2[39m [38;5;28;01mimport[39;00m[38;5;250m [39m[34;01mos[39;00m
[32m----> [39m[32m4[39m [38;5;28;01mfrom[39;00m[38;5;250m [39m[34;01mroutee[39;00m[34;01m.[39;00m[34;01mtransit[39;00m[38;5;250m [39m[38;5;28;01mimport[39;00m GTFSEnergyPredictor, repo_root
[32m      6[39m [38;5;66;03m# Set up logging: Clear any existing handlers[39;00m
[32m      7[39m logging.getLogger().handlers.clear()

[36mFile [39m[32m/opt/hostedtoolcache/Python/3.11.14/x64/lib/python3.11/site-packages/routee/transit/__init__.py:9[39m
[32m      1[39m [38;5;28;01mfrom[39;00m[38;5;250m [39m[34;01mpathlib[39;00m[38;5;250m [39m[38;5;28;01mimport[39;00m Path
[32m      3[39m __all__ = [
[32m      4[39m     [33m"[39m[33mGTFSEnergyPredictor[39m[33m"[39m,
[32m      5[39m     [33m"[39m[33mcreate_deadhead_shapes[39m[33m"[39m,
[32m      6[39m     [33m"[39m[33madd_HVAC_energy[39m[33m"[39m,
[32m      7[39m ]
[32m----> [39m[32m9[39m [38;5;28;01mfrom[39;00m[38;5;250m [39m[34;01m.[39;00m[34;01mdeadhead_router[39;00m[38;5;250m [39m[38;5;28;01mimport[39;00m create_deadhead_shapes
[32m     10[39m [38;5;28;01mfrom[39;00m[38;5;250m [39m[34;01m.[39;00m[34;01mpredictor[39;00m[38;5;250m [39m[38;5;28;01mimport[39;00m GTFSEnergyPredictor
[32m     11[39m [38;5;28;01mfrom[39;00m[38;5;250m [39m[34;01m.[39;00m[34;01mthermal_energy[39;00m[38;5;250m [39m[38;5;28;01mimport[39;00m add_HVAC_energy

[36mFile [39m[32m/opt/hostedtoolcache/Python/3.11.14/x64/lib/python3.11/site-packages/routee/transit/deadhead_router.py:8[39m
[32m      5[39m [38;5;28;01mimport[39;00m[38;5;250m [39m[34;01mpandas[39;00m[38;5;250m [39m[38;5;28;01mas[39;00m[38;5;250m [39m[34;01mpd[39;00m
[32m      6[39m [38;5;28;01mimport[39;00m[38;5;250m [39m[34;01mshapely[39;00m
[32m----> [39m[32m8[39m [38;5;28;01mfrom[39;00m[38;5;250m [39m[34;01mnrel[39;00m[34;01m.[39;00m[34;01mroutee[39;00m[34;01m.[39;00m[34;01mcompass[39;00m[38;5;250m [39m[38;5;28;01mimport[39;00m CompassApp
[32m      9[39m [38;5;28;01mfrom[39;00m[38;5;250m [39m[34;01mnrel[39;00m[34;01m.[39;00m[34;01mroutee[39;00m[34;01m.[39;00m[34;01mcompass[39;00m[34;01m.[39;00m[34;01mutils[39;00m[34;01m.[39;00m[34;01mgeometry[39;00m[38;5;250m [39m[38;5;28;01mimport[39;00m geometry_from_route
[32m     11[39m log = logging.getLogger([34m__name__[39m)

[31mModuleNotFoundError[39m: No module named 'nrel'

